This is pdfTeX, Version 3.1415926-2.5-1.40.14 (MiKTeX 2.9 64-bit) (preloaded format=pdflatex 2014.3.25)  31 MAR 2014 23:33
entering extended mode
**template.tex

("C:\Users\midhun\Desktop\Downloads\Seminar Template\Seminar Template\template.
tex"
LaTeX2e <2011/06/27>
Babel <v3.8m> and hyphenation patterns for english, afrikaans, ancientgreek, ar
abic, armenian, assamese, basque, bengali, bokmal, bulgarian, catalan, coptic, 
croatian, czech, danish, dutch, esperanto, estonian, farsi, finnish, french, ga
lician, german, german-x-2013-05-26, greek, gujarati, hindi, hungarian, iceland
ic, indonesian, interlingua, irish, italian, kannada, kurmanji, latin, latvian,
 lithuanian, malayalam, marathi, mongolian, mongolianlmc, monogreek, ngerman, n
german-x-2013-05-26, nynorsk, oriya, panjabi, pinyin, polish, portuguese, roman
ian, russian, sanskrit, serbian, slovak, slovenian, spanish, swedish, swissgerm
an, tamil, telugu, turkish, turkmen, ukenglish, ukrainian, uppersorbian, usengl
ishmax, welsh, loaded.

("C:\Users\midhun\Desktop\Downloads\Seminar Template\Seminar Template\preamble.
tex" ("C:\Program Files\MiKTeX\tex\latex\base\book.cls"
Document Class: book 2007/10/19 v1.4h Standard LaTeX document class
("C:\Program Files\MiKTeX\tex\latex\base\bk11.clo"
File: bk11.clo 2007/10/19 v1.4h Standard LaTeX file (size option)
)
\c@part=\count79
\c@chapter=\count80
\c@section=\count81
\c@subsection=\count82
\c@subsubsection=\count83
\c@paragraph=\count84
\c@subparagraph=\count85
\c@figure=\count86
\c@table=\count87
\abovecaptionskip=\skip41
\belowcaptionskip=\skip42
\bibindent=\dimen102
)
("C:\Program Files\MiKTeX\tex\latex\graphics\graphicx.sty"
Package: graphicx 1999/02/16 v1.0f Enhanced LaTeX Graphics (DPC,SPQR)

("C:\Program Files\MiKTeX\tex\latex\graphics\keyval.sty"
Package: keyval 1999/03/16 v1.13 key=value parser (DPC)
\KV@toks@=\toks14
)
("C:\Program Files\MiKTeX\tex\latex\graphics\graphics.sty"
Package: graphics 2009/02/05 v1.0o Standard LaTeX Graphics (DPC,SPQR)

("C:\Program Files\MiKTeX\tex\latex\graphics\trig.sty"
Package: trig 1999/03/16 v1.09 sin cos tan (DPC)
)
("C:\Program Files\MiKTeX\tex\latex\00miktex\graphics.cfg"
File: graphics.cfg 2007/01/18 v1.5 graphics configuration of teTeX/TeXLive
)
Package graphics Info: Driver file: pdftex.def on input line 91.

("C:\Program Files\MiKTeX\tex\latex\pdftex-def\pdftex.def"
File: pdftex.def 2011/05/27 v0.06d Graphics/color for pdfTeX

("C:\Program Files\MiKTeX\tex\generic\oberdiek\infwarerr.sty"
Package: infwarerr 2010/04/08 v1.3 Providing info/warning/error messages (HO)
)
("C:\Program Files\MiKTeX\tex\generic\oberdiek\ltxcmds.sty"
Package: ltxcmds 2011/11/09 v1.22 LaTeX kernel commands for general use (HO)
)
\Gread@gobject=\count88
))
\Gin@req@height=\dimen103
\Gin@req@width=\dimen104
)
("C:\Users\midhun\Desktop\Downloads\Seminar Template\Seminar Template\fancyhdr.
sty"
\fancy@headwidth=\skip43
\f@ncyO@elh=\skip44
\f@ncyO@erh=\skip45
\f@ncyO@olh=\skip46
\f@ncyO@orh=\skip47
\f@ncyO@elf=\skip48
\f@ncyO@erf=\skip49
\f@ncyO@olf=\skip50
\f@ncyO@orf=\skip51
) ("C:\Program Files\MiKTeX\tex\latex\amsmath\amsmath.sty"
Package: amsmath 2013/01/14 v2.14 AMS math features
\@mathmargin=\skip52

For additional information on amsmath, use the `?' option.
("C:\Program Files\MiKTeX\tex\latex\amsmath\amstext.sty"
Package: amstext 2000/06/29 v2.01

("C:\Program Files\MiKTeX\tex\latex\amsmath\amsgen.sty"
File: amsgen.sty 1999/11/30 v2.0
\@emptytoks=\toks15
\ex@=\dimen105
))
("C:\Program Files\MiKTeX\tex\latex\amsmath\amsbsy.sty"
Package: amsbsy 1999/11/29 v1.2d
\pmbraise@=\dimen106
)
("C:\Program Files\MiKTeX\tex\latex\amsmath\amsopn.sty"
Package: amsopn 1999/12/14 v2.01 operator names
)
\inf@bad=\count89
LaTeX Info: Redefining \frac on input line 210.
\uproot@=\count90
\leftroot@=\count91
LaTeX Info: Redefining \overline on input line 306.
\classnum@=\count92
\DOTSCASE@=\count93
LaTeX Info: Redefining \ldots on input line 378.
LaTeX Info: Redefining \dots on input line 381.
LaTeX Info: Redefining \cdots on input line 466.
\Mathstrutbox@=\box26
\strutbox@=\box27
\big@size=\dimen107
LaTeX Font Info:    Redeclaring font encoding OML on input line 566.
LaTeX Font Info:    Redeclaring font encoding OMS on input line 567.
\macc@depth=\count94
\c@MaxMatrixCols=\count95
\dotsspace@=\muskip10
\c@parentequation=\count96
\dspbrk@lvl=\count97
\tag@help=\toks16
\row@=\count98
\column@=\count99
\maxfields@=\count100
\andhelp@=\toks17
\eqnshift@=\dimen108
\alignsep@=\dimen109
\tagshift@=\dimen110
\tagwidth@=\dimen111
\totwidth@=\dimen112
\lineht@=\dimen113
\@envbody=\toks18
\multlinegap=\skip53
\multlinetaggap=\skip54
\mathdisplay@stack=\toks19
LaTeX Info: Redefining \[ on input line 2665.
LaTeX Info: Redefining \] on input line 2666.
)
("C:\Program Files\MiKTeX\tex\latex\psnfss\times.sty"
Package: times 2005/04/12 PSNFSS-v9.2a (SPQR) 
)
("C:\Program Files\MiKTeX\tex\latex\url\url.sty"
\Urlmuskip=\muskip11
Package: url 2013/09/16  ver 3.4  Verb mode for urls, etc.
))
("C:\Users\midhun\Desktop\Downloads\Seminar Template\Seminar Template\template.
aux")
LaTeX Font Info:    Checking defaults for OML/cmm/m/it on input line 17.
LaTeX Font Info:    ... okay on input line 17.
LaTeX Font Info:    Checking defaults for T1/cmr/m/n on input line 17.
LaTeX Font Info:    ... okay on input line 17.
LaTeX Font Info:    Checking defaults for OT1/cmr/m/n on input line 17.
LaTeX Font Info:    ... okay on input line 17.
LaTeX Font Info:    Checking defaults for OMS/cmsy/m/n on input line 17.
LaTeX Font Info:    ... okay on input line 17.
LaTeX Font Info:    Checking defaults for OMX/cmex/m/n on input line 17.
LaTeX Font Info:    ... okay on input line 17.
LaTeX Font Info:    Checking defaults for U/cmr/m/n on input line 17.
LaTeX Font Info:    ... okay on input line 17.
LaTeX Font Info:    Try loading font information for OT1+ptm on input line 17.
 ("C:\Program Files\MiKTeX\tex\latex\psnfss\ot1ptm.fd"
File: ot1ptm.fd 2001/06/04 font definitions for OT1/ptm.
)
("C:\Program Files\MiKTeX\tex\context\base\supp-pdf.mkii"
[Loading MPS to PDF converter (version 2006.09.02).]
\scratchcounter=\count101
\scratchdimen=\dimen114
\scratchbox=\box28
\nofMPsegments=\count102
\nofMParguments=\count103
\everyMPshowfont=\toks20
\MPscratchCnt=\count104
\MPscratchDim=\dimen115
\MPnumerator=\count105
\makeMPintoPDFobject=\count106
\everyMPtoPDFconversion=\toks21
)
("C:\Users\midhun\Desktop\Downloads\Seminar Template\Seminar Template\frontmatt
er.tex"
("C:\Users\midhun\Desktop\Downloads\Seminar Template\Seminar Template\coverpage
.tex"
LaTeX Font Info:    Try loading font information for OT1+phv on input line 10.
 ("C:\Program Files\MiKTeX\tex\latex\psnfss\ot1phv.fd"
File: ot1phv.fd 2001/06/04 scalable font definitions for OT1/phv.
)
LaTeX Font Info:    Font shape `OT1/phv/bx/n' in size <20.74> not available
(Font)              Font shape `OT1/phv/b/n' tried instead on input line 12.
LaTeX Font Info:    Font shape `OT1/phv/bx/n' in size <14.4> not available
(Font)              Font shape `OT1/phv/b/n' tried instead on input line 15.

<VidyaLogo.jpg, id=1, 127.677pt x 83.1105pt>
File: VidyaLogo.jpg Graphic file (type jpg)
 <use VidyaLogo.jpg>
Package pdftex.def Info: VidyaLogo.jpg used on input line 20.
(pdftex.def)             Requested size: 53.9978pt x 35.14964pt.
LaTeX Font Info:    Try loading font information for OT1+pcr on input line 22.

("C:\Program Files\MiKTeX\tex\latex\psnfss\ot1pcr.fd"
File: ot1pcr.fd 2001/06/04 font definitions for OT1/pcr.
) [1


{C:/ProgramData/MiKTeX/2.9/pdftex/config/pdftex.map} <C:/Users/midhun/Desktop/D
ownloads/Seminar Template/Seminar Template/VidyaLogo.jpg>])
("C:\Users\midhun\Desktop\Downloads\Seminar Template\Seminar Template\certifica
te.tex"
LaTeX Font Info:    Font shape `OT1/ptm/bx/n' in size <14.4> not available
(Font)              Font shape `OT1/ptm/b/n' tried instead on input line 5.
LaTeX Font Info:    Font shape `OT1/ptm/bx/n' in size <12> not available
(Font)              Font shape `OT1/ptm/b/n' tried instead on input line 6.
LaTeX Font Info:    Font shape `OT1/ptm/bx/n' in size <10.95> not available
(Font)              Font shape `OT1/ptm/b/n' tried instead on input line 7.
File: VidyaLogo.jpg Graphic file (type jpg)
 <use VidyaLogo.jpg>
Package pdftex.def Info: VidyaLogo.jpg used on input line 9.
(pdftex.def)             Requested size: 127.67668pt x 83.11028pt.

Underfull \hbox (badness 10000) in paragraph at lines 16--26

 []


Overfull \hbox (7.21228pt too wide) in paragraph at lines 27--39
 [] 
 []

[1

]) [2]
("C:\Users\midhun\Desktop\Downloads\Seminar Template\Seminar Template\acknowled
gment.tex"
LaTeX Font Info:    Font shape `OT1/ptm/bx/n' in size <24.88> not available
(Font)              Font shape `OT1/ptm/b/n' tried instead on input line 1.

Overfull \hbox (0.2335pt too wide) in paragraph at lines 14--15
[]\OT1/ptm/m/n/10.95 I am es-pe-cially thank-ful to my sem-i-nar guide \OT1/ptm
/b/n/10.95 Ms.Geethu.P.C M.Tech, MISTE
 []

)

Package Fancyhdr Warning: \headheight is too small (12.0pt): 
 Make it at least 13.59999pt.
 We now make it that large for the rest of the document.
 This may cause the page layout to be inconsistent, however.

File: VidyaLogo.jpg Graphic file (type jpg)
<use VidyaLogo.jpg>
Package pdftex.def Info: VidyaLogo.jpg used on input line 38.
(pdftex.def)             Requested size: 14.22636pt x 9.26012pt.
 [3


])
Missing character: There is no ‚ in font ptmr7t!
Missing character: There is no Ä in font ptmr7t!
Missing character: There is no ô in font ptmr7t!
File: VidyaLogo.jpg Graphic file (type jpg)
 <use VidyaLogo.jpg>
Package pdftex.def Info: VidyaLogo.jpg used on input line 96.
(pdftex.def)             Requested size: 14.22636pt x 9.26012pt.
 [4


]
("C:\Users\midhun\Desktop\Downloads\Seminar Template\Seminar Template\template.
toc"
File: VidyaLogo.jpg Graphic file (type jpg)
 <use VidyaLogo.jpg>
Package pdftex.def Info: VidyaLogo.jpg used on input line 27.
(pdftex.def)             Requested size: 14.22636pt x 9.26012pt.
 [5

])
\tf@toc=\write3
File: VidyaLogo.jpg Graphic file (type jpg)
 <use VidyaLogo.jpg>
Package pdftex.def Info: VidyaLogo.jpg used on input line 106.
(pdftex.def)             Requested size: 14.22636pt x 9.26012pt.
 [6]
("C:\Users\midhun\Desktop\Downloads\Seminar Template\Seminar Template\template.
lof")
\tf@lof=\write4
File: VidyaLogo.jpg Graphic file (type jpg)
 <use VidyaLogo.jpg>
Package pdftex.def Info: VidyaLogo.jpg used on input line 110.
(pdftex.def)             Requested size: 14.22636pt x 9.26012pt.
 [7

]
Chapter 1.
LaTeX Font Info:    Font shape `OT1/ptm/bx/n' in size <20.74> not available
(Font)              Font shape `OT1/ptm/b/n' tried instead on input line 116.
Missing character: There is no ‚ in font ptmr7t!
Missing character: There is no Ä in font ptmr7t!
Missing character: There is no ô in font ptmr7t!
Missing character: There is no ‚ in font ptmr7t!
Missing character: There is no Ä in font ptmr7t!
Missing character: There is no ô in font ptmr7t!
Missing character: There is no ‚ in font ptmr7t!
Missing character: There is no Ä in font ptmr7t!
Missing character: There is no ô in font ptmr7t!
Missing character: There is no ‚ in font ptmr7t!
Missing character: There is no Ä in font ptmr7t!
Missing character: There is no ô in font ptmr7t!
Missing character: There is no ‚ in font ptmr7t!
Missing character: There is no Ä in font ptmr7t!
Missing character: There is no ú in font ptmr7t!
Missing character: There is no ‚ in font ptmr7t!
Missing character: There is no Ä in font ptmr7t!
Missing character: There is no ù in font ptmr7t!
Missing character: There is no ‚ in font ptmr7t!
Missing character: There is no Ä in font ptmr7t!
Missing character: There is no ô in font ptmr7t!
Missing character: There is no ‚ in font ptmr7t!
Missing character: There is no Ä in font ptmr7t!
Missing character: There is no ô in font ptmr7t!

Underfull \vbox (badness 6078) has occurred while \output is active []

File: VidyaLogo.jpg Graphic file (type jpg)

<use VidyaLogo.jpg>
Package pdftex.def Info: VidyaLogo.jpg used on input line 146.
(pdftex.def)             Requested size: 14.22636pt x 9.26012pt.
 [1


]
LaTeX Font Info:    Try loading font information for OMS+ptm on input line 156.

 ("C:\Program Files\MiKTeX\tex\latex\psnfss\omsptm.fd"
File: omsptm.fd 
)
LaTeX Font Info:    Font shape `OMS/ptm/m/n' in size <10.95> not available
(Font)              Font shape `OMS/cmsy/m/n' tried instead on input line 156.
Missing character: There is no ‚ in font ptmr7t!
Missing character: There is no Ä in font ptmr7t!
Missing character: There is no ô in font ptmr7t!
File: VidyaLogo.jpg Graphic file (type jpg)

<use VidyaLogo.jpg>
Package pdftex.def Info: VidyaLogo.jpg used on input line 185.
(pdftex.def)             Requested size: 14.22636pt x 9.26012pt.
 [2]
File: VidyaLogo.jpg Graphic file (type jpg)
 <use VidyaLogo.jpg>
Package pdftex.def Info: VidyaLogo.jpg used on input line 223.
(pdftex.def)             Requested size: 14.22636pt x 9.26012pt.
 [3]
Missing character: There is no ‚ in font ptmr7t!
Missing character: There is no Ä in font ptmr7t!
Missing character: There is no ô in font ptmr7t!
Missing character: There is no ‚ in font ptmr7t!
Missing character: There is no Ä in font ptmr7t!
Missing character: There is no ì in font ptmr7t!
Missing character: There is no ‚ in font ptmr7t!
Missing character: There is no Ä in font ptmr7t!
Missing character: There is no ô in font ptmr7t!
Missing character: There is no ‚ in font ptmr7t!
Missing character: There is no Ä in font ptmr7t!
Missing character: There is no ô in font ptmr7t!
Missing character: There is no ‚ in font ptmr7t!
Missing character: There is no Ä in font ptmr7t!
Missing character: There is no ô in font ptmr7t!
Missing character: There is no ‚ in font ptmr7t!
Missing character: There is no Ä in font ptmr7t!
Missing character: There is no ô in font ptmr7t!
Missing character: There is no ‚ in font ptmr7t!
Missing character: There is no Ä in font ptmr7t!
Missing character: There is no ô in font ptmr7t!
Missing character: There is no ‚ in font ptmr7t!
Missing character: There is no Ä in font ptmr7t!
Missing character: There is no ô in font ptmr7t!
Missing character: There is no ‚ in font ptmr7t!
Missing character: There is no Ä in font ptmr7t!
Missing character: There is no ò in font ptmr7t!
Missing character: There is no ‚ in font ptmr7t!
Missing character: There is no Ä in font ptmr7t!
Missing character: There is no ô in font ptmr7t!
Missing character: There is no ‚ in font ptmr7t!
Missing character: There is no Ä in font ptmr7t!
Missing character: There is no ô in font ptmr7t!
Missing character: There is no ‚ in font ptmr7t!
Missing character: There is no Ä in font ptmr7t!
Missing character: There is no ô in font ptmr7t!
Missing character: There is no ‚ in font ptmr7t!
Missing character: There is no Ä in font ptmr7t!
Missing character: There is no ô in font ptmr7t!
Missing character: There is no ‚ in font ptmr7t!
Missing character: There is no Ä in font ptmr7t!
Missing character: There is no ì in font ptmr7t!
Missing character: There is no ‚ in font ptmr7t!
Missing character: There is no Ä in font ptmr7t!
Missing character: There is no ô in font ptmr7t!
File: VidyaLogo.jpg Graphic file (type jpg)
 <use VidyaLogo.jpg>
Package pdftex.def Info: VidyaLogo.jpg used on input line 258.
(pdftex.def)             Requested size: 14.22636pt x 9.26012pt.
 [4]
Missing character: There is no ‚ in font ptmr7t!
Missing character: There is no Ä in font ptmr7t!
Missing character: There is no ô in font ptmr7t!
Missing character: There is no ‚ in font ptmr7t!
Missing character: There is no Ä in font ptmr7t!
Missing character: There is no ô in font ptmr7t!
Missing character: There is no ‚ in font ptmr7t!
Missing character: There is no Ä in font ptmr7t!
Missing character: There is no ô in font ptmr7t!
Missing character: There is no ¬ in font ptmr7t!
Missing character: There is no £ in font ptmr7t!
Missing character: There is no ‚ in font ptmr7t!
Missing character: There is no Ä in font ptmr7t!
Missing character: There is no ô in font ptmr7t!
Missing character: There is no ‚ in font ptmr7t!
Missing character: There is no Ä in font ptmr7t!
Missing character: There is no ô in font ptmr7t!
Missing character: There is no ‚ in font ptmr7t!
Missing character: There is no Ä in font ptmr7t!
Missing character: There is no ô in font ptmr7t!
File: VidyaLogo.jpg Graphic file (type jpg)

<use VidyaLogo.jpg>
Package pdftex.def Info: VidyaLogo.jpg used on input line 299.
(pdftex.def)             Requested size: 14.22636pt x 9.26012pt.
 [5]
Chapter 2.
File: VidyaLogo.jpg Graphic file (type jpg)
<use VidyaLogo.jpg>
Package pdftex.def Info: VidyaLogo.jpg used on input line 323.
(pdftex.def)             Requested size: 14.22636pt x 9.26012pt.
 [6

] <images/transaction.png, id=53, 554.07pt x 275.0275pt>
File: images/transaction.png Graphic file (type png)

<use images/transaction.png>
Package pdftex.def Info: images/transaction.png used on input line 332.
(pdftex.def)             Requested size: 341.43306pt x 200.35294pt.
File: VidyaLogo.jpg Graphic file (type jpg)
 <use VidyaLogo.jpg>
Package pdftex.def Info: VidyaLogo.jpg used on input line 350.
(pdftex.def)             Requested size: 14.22636pt x 9.26012pt.
 [7 <C:/Users/midhun/Desktop/Downloads/Seminar Template/Seminar Template/images
/transaction.png (PNG copy)>]
<images/timestamp.png, id=57, 661.47125pt x 218.8175pt>
File: images/timestamp.png Graphic file (type png)

<use images/timestamp.png>
Package pdftex.def Info: images/timestamp.png used on input line 357.
(pdftex.def)             Requested size: 341.43306pt x 112.94435pt.

<images/block_chain.png, id=59, 661.47125pt x 196.735pt>
File: images/block_chain.png Graphic file (type png)

<use images/block_chain.png>
Package pdftex.def Info: images/block_chain.png used on input line 368.
(pdftex.def)             Requested size: 341.43306pt x 101.54628pt.
File: VidyaLogo.jpg Graphic file (type jpg)
 <use VidyaLogo.jpg>
Package pdftex.def Info: VidyaLogo.jpg used on input line 373.
(pdftex.def)             Requested size: 14.22636pt x 9.26012pt.
 [8 <C:/Users/midhun/Desktop/Downloads/Seminar Template/Seminar Template/images
/timestamp.png>]
File: VidyaLogo.jpg Graphic file (type jpg)

<use VidyaLogo.jpg>
Package pdftex.def Info: VidyaLogo.jpg used on input line 386.
(pdftex.def)             Requested size: 14.22636pt x 9.26012pt.
 [9 <C:/Users/midhun/Desktop/Downloads/Seminar Template/Seminar Template/images
/block_chain.png>]
File: VidyaLogo.jpg Graphic file (type jpg)
 <use VidyaLogo.jpg>
Package pdftex.def Info: VidyaLogo.jpg used on input line 403.
(pdftex.def)             Requested size: 14.22636pt x 9.26012pt.
 [10]
<images/merkle_tree_and_pruning.png, id=71, 877.2775pt x 493.845pt>
File: images/merkle_tree_and_pruning.png Graphic file (type png)

<use images/merkle_tree_and_pruning.png>
Package pdftex.def Info: images/merkle_tree_and_pruning.png used on input line 
406.
(pdftex.def)             Requested size: 341.43306pt x 192.20692pt.

<images/proof_of_work.png, id=72, 1051.93pt x 461.725pt>
File: images/proof_of_work.png Graphic file (type png)

<use images/proof_of_work.png>
Package pdftex.def Info: images/proof_of_work.png used on input line 418.
(pdftex.def)             Requested size: 341.43306pt x 149.86862pt.
File: VidyaLogo.jpg Graphic file (type jpg)
 <use VidyaLogo.jpg>
Package pdftex.def Info: VidyaLogo.jpg used on input line 423.
(pdftex.def)             Requested size: 14.22636pt x 9.26012pt.
 [11 <C:/Users/midhun/Desktop/Downloads/Seminar Template/Seminar Template/image
s/merkle_tree_and_pruning.png>] <images/multiple_in_outs_transaction.png, id=78
, 339.2675pt x 222.8325pt>
File: images/multiple_in_outs_transaction.png Graphic file (type png)

<use images/multiple_in_outs_transaction.png>
Package pdftex.def Info: images/multiple_in_outs_transaction.png used on input 
line 430.
(pdftex.def)             Requested size: 199.16928pt x 130.8138pt.
File: VidyaLogo.jpg Graphic file (type jpg)
 <use VidyaLogo.jpg>
Package pdftex.def Info: VidyaLogo.jpg used on input line 439.
(pdftex.def)             Requested size: 14.22636pt x 9.26012pt.
 [12 <C:/Users/midhun/Desktop/Downloads/Seminar Template/Seminar Template/image
s/proof_of_work.png>] <images/traditional_privacy_model.png, id=83, 871.255pt x
 281.05pt>
File: images/traditional_privacy_model.png Graphic file (type png)

<use images/traditional_privacy_model.png>
Package pdftex.def Info: images/traditional_privacy_model.png used on input lin
e 442.
(pdftex.def)             Requested size: 341.43306pt x 110.13654pt.
File: VidyaLogo.jpg Graphic file (type jpg)
 <use VidyaLogo.jpg>
Package pdftex.def Info: VidyaLogo.jpg used on input line 448.
(pdftex.def)             Requested size: 14.22636pt x 9.26012pt.
 [13 <C:/Users/midhun/Desktop/Downloads/Seminar Template/Seminar Template/image
s/multiple_in_outs_transaction.png> <C:/Users/midhun/Desktop/Downloads/Seminar 
Template/Seminar Template/images/traditional_privacy_model.png>]
Chapter 3.
Missing character: There is no ‚ in font ptmr7t!
Missing character: There is no Ä in font ptmr7t!
Missing character: There is no ô in font ptmr7t!
Missing character: There is no ‚ in font ptmr7t!
Missing character: There is no Ä in font ptmr7t!
Missing character: There is no ú in font ptmr7t!
Missing character: There is no ‚ in font ptmr7t!
Missing character: There is no Ä in font ptmr7t!
Missing character: There is no ù in font ptmr7t!
Missing character: There is no ‚ in font ptmr7t!
Missing character: There is no Ä in font ptmr7t!
Missing character: There is no ú in font ptmr7t!
Missing character: There is no ‚ in font ptmr7t!
Missing character: There is no Ä in font ptmr7t!
Missing character: There is no ù in font ptmr7t!
Missing character: There is no ‚ in font ptmr7t!
Missing character: There is no Ä in font ptmr7t!
Missing character: There is no ú in font ptmr7t!
Missing character: There is no ‚ in font ptmr7t!
Missing character: There is no Ä in font ptmr7t!
Missing character: There is no ù in font ptmr7t!
File: VidyaLogo.jpg Graphic file (type jpg)
<use VidyaLogo.jpg>
Package pdftex.def Info: VidyaLogo.jpg used on input line 481.
(pdftex.def)             Requested size: 14.22636pt x 9.26012pt.
 [14

]
Missing character: There is no ‚ in font ptmr7t!
Missing character: There is no Ä in font ptmr7t!
Missing character: There is no ô in font ptmr7t!
Missing character: There is no ‚ in font ptmr7t!
Missing character: There is no Ä in font ptmr7t!
Missing character: There is no ô in font ptmr7t!
Missing character: There is no ‚ in font ptmr7t!
Missing character: There is no Ä in font ptmr7t!
Missing character: There is no ú in font ptmr7t!
Missing character: There is no ‚ in font ptmr7t!
Missing character: There is no Ä in font ptmr7t!
Missing character: There is no ù in font ptmr7t!
File: VidyaLogo.jpg Graphic file (type jpg)
 <use VidyaLogo.jpg>
Package pdftex.def Info: VidyaLogo.jpg used on input line 517.
(pdftex.def)             Requested size: 14.22636pt x 9.26012pt.
 [15]
Missing character: There is no ‚ in font ptmr7t!
Missing character: There is no Ä in font ptmr7t!
Missing character: There is no ú in font ptmr7t!
Missing character: There is no ‚ in font ptmr7t!
Missing character: There is no Ä in font ptmr7t!
Missing character: There is no ù in font ptmr7t!
Missing character: There is no ‚ in font ptmr7t!
Missing character: There is no Ä in font ptmr7t!
Missing character: There is no ô in font ptmr7t!
Missing character: There is no ‚ in font ptmr7t!
Missing character: There is no Ä in font ptmr7t!
Missing character: There is no ô in font ptmr7t!
File: VidyaLogo.jpg Graphic file (type jpg)
 <use VidyaLogo.jpg>
Package pdftex.def Info: VidyaLogo.jpg used on input line 554.
(pdftex.def)             Requested size: 14.22636pt x 9.26012pt.
 [16]
Missing character: There is no ‚ in font ptmr7t!
Missing character: There is no Ä in font ptmr7t!
Missing character: There is no ô in font ptmr7t!
Missing character: There is no ‚ in font ptmr7t!
Missing character: There is no Ä in font ptmr7t!
Missing character: There is no ô in font ptmr7t!
Missing character: There is no ‚ in font ptmr7t!
Missing character: There is no Ä in font ptmr7t!
Missing character: There is no ô in font ptmr7t!
Missing character: There is no ‚ in font ptmr7t!
Missing character: There is no Ä in font ptmr7t!
Missing character: There is no ú in font ptmr7t!
Missing character: There is no ‚ in font ptmr7t!
Missing character: There is no Ä in font ptmr7t!
Missing character: There is no ù in font ptmr7t!
Missing character: There is no ‚ in font ptmr7t!
Missing character: There is no Ä in font ptmr7t!
Missing character: There is no î in font ptmr7t!
File: VidyaLogo.jpg Graphic file (type jpg)

<use VidyaLogo.jpg>
Package pdftex.def Info: VidyaLogo.jpg used on input line 589.
(pdftex.def)             Requested size: 14.22636pt x 9.26012pt.
 [17]
Missing character: There is no ‚ in font ptmr7t!
Missing character: There is no Ä in font ptmr7t!
Missing character: There is no î in font ptmr7t!
Missing character: There is no ‚ in font ptmr7t!
Missing character: There is no Ä in font ptmr7t!
Missing character: There is no ô in font ptmr7t!
Missing character: There is no ‚ in font ptmr7t!
Missing character: There is no Ä in font ptmr7t!
Missing character: There is no ú in font ptmr7t!
Missing character: There is no ‚ in font ptmr7t!
Missing character: There is no Ä in font ptmr7t!
Missing character: There is no ù in font ptmr7t!
Missing character: There is no ‚ in font ptmr7t!
Missing character: There is no Ä in font ptmr7t!
Missing character: There is no ú in font ptmr7t!
Missing character: There is no ‚ in font ptmr7t!
Missing character: There is no Ä in font ptmr7t!
Missing character: There is no ù in font ptmr7t!
Missing character: There is no ‚ in font ptmr7t!
Missing character: There is no Ä in font ptmr7t!
Missing character: There is no ú in font ptmr7t!
Missing character: There is no ‚ in font ptmr7t!
Missing character: There is no Ä in font ptmr7t!
Missing character: There is no ù in font ptmr7t!
Missing character: There is no √ in font ptmr7t!
Missing character: There is no † in font ptmr7t!
Missing character: There is no ‚ in font ptmr7t!
Missing character: There is no Ä in font ptmr7t!
Missing character: There is no ú in font ptmr7t!
Missing character: There is no ‚ in font ptmr7t!
Missing character: There is no Ä in font ptmr7t!
Missing character: There is no ù in font ptmr7t!
Missing character: There is no ‚ in font ptmr7t!
Missing character: There is no Ä in font ptmr7t!
Missing character: There is no ô in font ptmr7t!
File: VidyaLogo.jpg Graphic file (type jpg)
 <use VidyaLogo.jpg>
Package pdftex.def Info: VidyaLogo.jpg used on input line 629.
(pdftex.def)             Requested size: 14.22636pt x 9.26012pt.
 [18]
Missing character: There is no ‚ in font ptmr7t!
Missing character: There is no Ä in font ptmr7t!
Missing character: There is no ô in font ptmr7t!

Overfull \hbox (4.32938pt too wide) in paragraph at lines 654--659
[]\OT1/ptm/b/n/10.95 Bitcoin fil-ter-ing ser-vice. \OT1/ptm/m/n/10.95 Fil-ter-i
ng ser-vice is a third-party cloud ser-vice provider
 []

Missing character: There is no ‚ in font ptmr7t!
Missing character: There is no Ä in font ptmr7t!
Missing character: There is no ô in font ptmr7t!
File: VidyaLogo.jpg Graphic file (type jpg)
<use VidyaLogo.jpg>
Package pdftex.def Info: VidyaLogo.jpg used on input line 667.
(pdftex.def)             Requested size: 14.22636pt x 9.26012pt.
 [19]
Missing character: There is no ‚ in font ptmr7t!
Missing character: There is no Ä in font ptmr7t!
Missing character: There is no ô in font ptmr7t!
Missing character: There is no ‚ in font ptmr7t!
Missing character: There is no Ä in font ptmr7t!
Missing character: There is no ô in font ptmr7t!
File: VidyaLogo.jpg Graphic file (type jpg)
 <use VidyaLogo.jpg>
Package pdftex.def Info: VidyaLogo.jpg used on input line 681.
(pdftex.def)             Requested size: 14.22636pt x 9.26012pt.
 [20]
Chapter 4.
File: VidyaLogo.jpg Graphic file (type jpg)
<use VidyaLogo.jpg>
Package pdftex.def Info: VidyaLogo.jpg used on input line 689.
(pdftex.def)             Requested size: 14.22636pt x 9.26012pt.
 [21

]
Overfull \hbox (13.60138pt too wide) in paragraph at lines 694--696
\OT1/ptm/m/n/10.95 ful:0000000000000000e067a478024addfecdc93628978aa52d91fabd42
92982a50 and
 []

<images/structure_of_bitcoin_block.png, id=114, 501.875pt x 294.09875pt>
File: images/structure_of_bitcoin_block.png Graphic file (type png)

<use images/structure_of_bitcoin_block.png>
Package pdftex.def Info: images/structure_of_bitcoin_block.png used on input li
ne 699.
(pdftex.def)             Requested size: 341.43306pt x 200.0877pt.
File: VidyaLogo.jpg Graphic file (type jpg)
 <use VidyaLogo.jpg>
Package pdftex.def Info: VidyaLogo.jpg used on input line 705.
(pdftex.def)             Requested size: 14.22636pt x 9.26012pt.
 [22]
File: VidyaLogo.jpg Graphic file (type jpg)

<use VidyaLogo.jpg>
Package pdftex.def Info: VidyaLogo.jpg used on input line 714.
(pdftex.def)             Requested size: 14.22636pt x 9.26012pt.
 [23 <C:/Users/midhun/Desktop/Downloads/Seminar Template/Seminar Template/image
s/structure_of_bitcoin_block.png (PNG copy)>]
File: VidyaLogo.jpg Graphic file (type jpg)

<use VidyaLogo.jpg>
Package pdftex.def Info: VidyaLogo.jpg used on input line 721.
(pdftex.def)             Requested size: 14.22636pt x 9.26012pt.
 [24]
Chapter 5.
Missing character: There is no ‚ in font ptmr7t!
Missing character: There is no Ä in font ptmr7t!
Missing character: There is no ô in font ptmr7t!
Missing character: There is no ‚ in font ptmr7t!
Missing character: There is no Ä in font ptmr7t!
Missing character: There is no ô in font ptmr7t!
Missing character: There is no ‚ in font ptmr7t!
Missing character: There is no Ä in font ptmr7t!
Missing character: There is no ô in font ptmr7t!
Missing character: There is no ‚ in font ptmr7t!
Missing character: There is no Ä in font ptmr7t!
Missing character: There is no ô in font ptmr7t!
Missing character: There is no ‚ in font ptmr7t!
Missing character: There is no Ä in font ptmr7t!
Missing character: There is no ô in font ptmr7t!
File: VidyaLogo.jpg Graphic file (type jpg)
<use VidyaLogo.jpg>
Package pdftex.def Info: VidyaLogo.jpg used on input line 763.
(pdftex.def)             Requested size: 14.22636pt x 9.26012pt.
 [25

]
Missing character: There is no ‚ in font ptmr7t!
Missing character: There is no Ä in font ptmr7t!
Missing character: There is no ô in font ptmr7t!
Missing character: There is no ‚ in font ptmr7t!
Missing character: There is no Ä in font ptmr7t!
Missing character: There is no ú in font ptmr7t!
Missing character: There is no ‚ in font ptmr7t!
Missing character: There is no Ä in font ptmr7t!
Missing character: There is no ù in font ptmr7t!
File: VidyaLogo.jpg Graphic file (type jpg)
 <use VidyaLogo.jpg>
Package pdftex.def Info: VidyaLogo.jpg used on input line 813.
(pdftex.def)             Requested size: 14.22636pt x 9.26012pt.
 [26]
Missing character: There is no ‚ in font ptmr7t!
Missing character: There is no Ä in font ptmr7t!
Missing character: There is no ô in font ptmr7t!
Missing character: There is no ‚ in font ptmr7t!
Missing character: There is no Ä in font ptmr7t!
Missing character: There is no ô in font ptmr7t!
Missing character: There is no ‚ in font ptmr7t!
Missing character: There is no Ä in font ptmr7t!
Missing character: There is no ô in font ptmr7t!
Missing character: There is no ‚ in font ptmr7t!
Missing character: There is no Ä in font ptmr7t!
Missing character: There is no ì in font ptmr7t!
File: VidyaLogo.jpg Graphic file (type jpg)
 <use VidyaLogo.jpg>
Package pdftex.def Info: VidyaLogo.jpg used on input line 869.
(pdftex.def)             Requested size: 14.22636pt x 9.26012pt.
 [27]
Missing character: There is no ‚ in font ptmr7t!
Missing character: There is no Ä in font ptmr7t!
Missing character: There is no ô in font ptmr7t!
Missing character: There is no ‚ in font ptmr7t!
Missing character: There is no Ä in font ptmr7t!
Missing character: There is no ô in font ptmr7t!
File: VidyaLogo.jpg Graphic file (type jpg)

<use VidyaLogo.jpg>
Package pdftex.def Info: VidyaLogo.jpg used on input line 922.
(pdftex.def)             Requested size: 14.22636pt x 9.26012pt.
 [28]
Missing character: There is no ‚ in font ptmr7t!
Missing character: There is no Ä in font ptmr7t!
Missing character: There is no ú in font ptmr7t!
Missing character: There is no ‚ in font ptmr7t!
Missing character: There is no Ä in font ptmr7t!
Missing character: There is no ù in font ptmr7t!
Missing character: There is no ‚ in font ptmr7t!
Missing character: There is no Ä in font ptmr7t!
Missing character: There is no ú in font ptmr7t!
Missing character: There is no ‚ in font ptmr7t!
Missing character: There is no Ä in font ptmr7t!
Missing character: There is no ù in font ptmr7t!

Overfull \hbox (0.51952pt too wide) in paragraph at lines 933--953
[]\OT1/ptm/m/n/10.95 Consumers like charge-backs, how-ever, be-cause that sys-t
em pro-tects them from
 []

File: VidyaLogo.jpg Graphic file (type jpg)
<use VidyaLogo.jpg>
Package pdftex.def Info: VidyaLogo.jpg used on input line 972.
(pdftex.def)             Requested size: 14.22636pt x 9.26012pt.
 [29]
Missing character: There is no ‚ in font ptmr7t!
Missing character: There is no Ä in font ptmr7t!
Missing character: There is no ô in font ptmr7t!
Missing character: There is no ‚ in font ptmr7t!
Missing character: There is no Ä in font ptmr7t!
Missing character: There is no ô in font ptmr7t!
Missing character: There is no ‚ in font ptmr7t!
Missing character: There is no Ä in font ptmr7t!
Missing character: There is no ô in font ptmr7t!
Missing character: There is no ‚ in font ptmr7t!
Missing character: There is no Ä in font ptmr7t!
Missing character: There is no ô in font ptmr7t!
Missing character: There is no ‚ in font ptmr7t!
Missing character: There is no Ä in font ptmr7t!
Missing character: There is no î in font ptmr7t!
File: VidyaLogo.jpg Graphic file (type jpg)
 <use VidyaLogo.jpg>
Package pdftex.def Info: VidyaLogo.jpg used on input line 1021.
(pdftex.def)             Requested size: 14.22636pt x 9.26012pt.
 [30]
Missing character: There is no ‚ in font ptmr7t!
Missing character: There is no Ä in font ptmr7t!
Missing character: There is no ô in font ptmr7t!
Missing character: There is no ‚ in font ptmr7t!
Missing character: There is no Ä in font ptmr7t!
Missing character: There is no ô in font ptmr7t!
Missing character: There is no ‚ in font ptmr7t!
Missing character: There is no Ä in font ptmr7t!
Missing character: There is no ú in font ptmr7t!
Missing character: There is no ‚ in font ptmr7t!
Missing character: There is no Ä in font ptmr7t!
Missing character: There is no ù in font ptmr7t!
File: VidyaLogo.jpg Graphic file (type jpg)
 <use VidyaLogo.jpg>
Package pdftex.def Info: VidyaLogo.jpg used on input line 1051.
(pdftex.def)             Requested size: 14.22636pt x 9.26012pt.
 [31]
Chapter 6.
Missing character: There is no ‚ in font ptmr7t!
Missing character: There is no Ä in font ptmr7t!
Missing character: There is no ô in font ptmr7t!
Missing character: There is no ‚ in font ptmr7t!
Missing character: There is no Ä in font ptmr7t!
Missing character: There is no ú in font ptmr7t!
Missing character: There is no ‚ in font ptmr7t!
Missing character: There is no Ä in font ptmr7t!
Missing character: There is no ù in font ptmr7t!
File: VidyaLogo.jpg Graphic file (type jpg)
<use VidyaLogo.jpg>
Package pdftex.def Info: VidyaLogo.jpg used on input line 1088.
(pdftex.def)             Requested size: 14.22636pt x 9.26012pt.
 [32

]
Missing character: There is no ¬ in font ptmr7t!
Missing character: There is no † in font ptmr7t!
Missing character: There is no ¬ in font ptmr7t!
Missing character: There is no † in font ptmr7t!
Missing character: There is no ¬ in font ptmr7t!
Missing character: There is no † in font ptmr7t!
Missing character: There is no ¬ in font ptmr7t!
Missing character: There is no † in font ptmr7t!
Missing character: There is no ¬ in font ptmri7t!
Missing character: There is no † in font ptmri7t!
Missing character: There is no ¬ in font ptmri7t!
Missing character: There is no † in font ptmri7t!
Missing character: There is no ¬ in font ptmri7t!
Missing character: There is no † in font ptmri7t!
Missing character: There is no ¬ in font ptmri7t!
Missing character: There is no † in font ptmri7t!
Missing character: There is no ¬ in font ptmri7t!
Missing character: There is no † in font ptmri7t!
Missing character: There is no ¬ in font ptmri7t!
Missing character: There is no † in font ptmri7t!

Underfull \hbox (badness 1210) in paragraph at lines 1099--1100
[]\OT1/ptm/m/n/10.95 Reid,F. and Har-ri-gan,M. \OT1/ptm/m/it/10.95 An Anal-y-si
s of Anonymity in the Bit-coin-Sys-
 []

Missing character: There is no ‚ in font ptmri7t!
Missing character: There is no Ä in font ptmri7t!
Missing character: There is no î in font ptmri7t!

Underfull \hbox (badness 1057) in paragraph at lines 1105--1106
[]\OT1/ptm/m/n/10.95 Grinberg, Reuben. \OT1/ptm/m/it/10.95 Bit-coin: an in-no-v
a-tive al-ter-na-tive dig-i-tal cur-rency.
 []


Underfull \hbox (badness 10000) in paragraph at lines 1107--1108
$\OT1/pcr/m/n/10.95 sites / default / files / Brito _ BitcoinPrimer _ embargoed
 .$
 []


("C:\Users\midhun\Desktop\Downloads\Seminar Template\Seminar Template\lastpage.
tex"
File: VidyaLogo.jpg Graphic file (type jpg)
 <use VidyaLogo.jpg>
Package pdftex.def Info: VidyaLogo.jpg used on input line 2.
(pdftex.def)             Requested size: 14.22636pt x 9.26012pt.
 [33


]
File: VidyaLogo.jpg Graphic file (type jpg)
 <use VidyaLogo.jpg>
Package pdftex.def Info: VidyaLogo.jpg used on input line 6.
(pdftex.def)             Requested size: 127.67668pt x 83.11028pt.
) [34]
("C:\Users\midhun\Desktop\Downloads\Seminar Template\Seminar Template\template.
aux") ) 
Here is how much of TeX's memory you used:
 2214 strings out of 493921
 29425 string characters out of 3148883
 83294 words of memory out of 3000000
 5460 multiletter control sequences out of 15000+200000
 33317 words of font info for 61 fonts, out of 3000000 for 9000
 841 hyphenation exceptions out of 8191
 30i,14n,43p,832b,393s stack positions out of 5000i,500n,10000p,200000b,50000s
{C:/Program Files/MiKTeX/fonts/enc/dvips/fontname/8r.enc}<C:/Program Fil
es/MiKTeX/fonts/type1/public/amsfonts/cm/cmsy10.pfb><C:/Program Files/MiKTeX/fo
nts/type1/urw/courier/ucrr8a.pfb><C:/Program Files/MiKTeX/fonts/type1/urw/helve
tic/uhvb8a.pfb><C:/Program Files/MiKTeX/fonts/type1/urw/helvetic/uhvr8a.pfb><C:
/Program Files/MiKTeX/fonts/type1/urw/times/utmb8a.pfb><C:/Program Files/MiKTeX
/fonts/type1/urw/times/utmr8a.pfb><C:/Program Files/MiKTeX/fonts/type1/urw/time
s/utmri8a.pfb>
Output written on template.pdf (42 pages, 350573 bytes).
PDF statistics:
 183 PDF objects out of 1000 (max. 8388607)
 0 named destinations out of 1000 (max. 500000)
 46 words of extra memory for PDF output out of 10000 (max. 10000000)

